<?xml version="1.0" encoding="UTF-8"?>
<!-- Generated by org.testng.reporters.JUnitXMLReporter -->
<testsuite ignored="4" hostname="DESKTOP-A8DG1E5" failures="0" tests="5" name="Test2" time="0.023" errors="0" timestamp="2023-11-24T01:54:09 IST">
  <testcase classname="testngpractice.TestNgPractice" name="availability" time="0.001"/>
  <testcase classname="testngpractice.TestNgPractice" name="availability" time="0.002"/>
  <testcase classname="testngpractice.TestNgPractice" name="availability" time="0.002"/>
  <testcase classname="testngpractice.TestNgPractice" name="bikeTest" time="0.001"/>
  <testcase classname="testngpractice.PocvehicleTest" name="pocCar" time="0.001"/>
  <testcase classname="testngpractice.TestNgPractice" name="carTest" time="0.0">
    <ignored/>
  </testcase> <!-- carTest -->
  <testcase classname="testngpractice.PocvehicleTest" name="pocBike" time="0.0">
    <ignored/>
  </testcase> <!-- pocBike -->
  <testcase classname="testngpractice.TestNgPractice" name="truckTest" time="0.0">
    <ignored/>
  </testcase> <!-- truckTest -->
  <testcase classname="testngpractice.PocvehicleTest" name="failureeee" time="0.0">
    <ignored/>
  </testcase> <!-- failureeee -->
</testsuite> <!-- Test2 -->
