<?xml version="1.0" encoding="UTF-8"?>
<!-- Generated by org.testng.reporters.JUnitXMLReporter -->
<testsuite ignored="1" hostname="DESKTOP-A8DG1E5" failures="1" tests="8" name="Test1" time="0.104" errors="0" timestamp="2023-11-24T01:54:09 IST">
  <testcase classname="testngpractice.TestNgPractice" name="availability" time="0.007"/>
  <testcase classname="testngpractice.TestNgPractice" name="availability" time="0.002"/>
  <testcase classname="testngpractice.TestNgPractice" name="availability" time="0.002"/>
  <testcase classname="testngpractice.TestNgPractice" name="carTest" time="0.001"/>
  <testcase classname="testngpractice.TestNgPractice" name="truckTest" time="0.002"/>
  <testcase classname="testngpractice.PocvehicleTest" name="failureeee" time="0.003">
    <failure type="java.lang.AssertionError">
      <![CDATA[java.lang.AssertionError
at org.junit.Assert.fail(Assert.java:86)
at org.junit.Assert.assertTrue(Assert.java:41)
at org.junit.Assert.assertTrue(Assert.java:52)
at testngpractice.PocvehicleTest.failureeee(PocvehicleTest.java:23)
at java.base/java.util.ArrayList.forEach(ArrayList.java:1511)
... Removed 27 stack frames]]>
    </failure>
  </testcase> <!-- failureeee -->
  <testcase classname="testngpractice.PocvehicleTest" name="pocBike" time="0.001"/>
  <testcase classname="testngpractice.PocvehicleTest" name="pocCar" time="0.002"/>
  <testcase classname="testngpractice.TestNgPractice" name="bikeTest" time="0.0">
    <ignored/>
  </testcase> <!-- bikeTest -->
</testsuite> <!-- Test1 -->
