<?xml version="1.0" encoding="UTF-8"?>
<!-- Generated by org.testng.reporters.JUnitXMLReporter -->
<testsuite ignored="1" hostname="DESKTOP-A8DG1E5" failures="0" tests="4" name="Test" time="0.062" errors="0" timestamp="2023-11-24T01:08:41 IST">
  <testcase classname="testngpractice.TestNgPractice" name="carTest" time="0.009"/>
  <testcase classname="testngpractice.TestNgPractice" name="truckTest" time="0.002"/>
  <testcase classname="testngpractice.PocvehicleTest" name="pocBike" time="0.001"/>
  <testcase classname="testngpractice.PocvehicleTest" name="pocCar" time="0.001"/>
  <testcase classname="testngpractice.TestNgPractice" name="bikeTest" time="0.0">
    <ignored/>
  </testcase> <!-- bikeTest -->
</testsuite> <!-- Test -->
