<?xml version="1.0" encoding="UTF-8"?>
<testng-results ignored="0" total="1" passed="1" failed="0" skipped="0">
  <reporter-output>
  </reporter-output>
  <suite started-at="2023-12-17T20:17:06 IST" name="Default suite" finished-at="2023-12-17T20:17:11 IST" duration-ms="5164">
    <groups>
    </groups>
    <test started-at="2023-12-17T20:17:06 IST" name="Default test" finished-at="2023-12-17T20:17:11 IST" duration-ms="5164">
      <class name="extentReports.ExtentReportsDemo">
        <test-method is-config="true" signature="reporterInitializer()[pri:0, instance:extentReports.ExtentReportsDemo@2a7f1f10]" started-at="2023-12-17T20:17:06 IST" name="reporterInitializer" finished-at="2023-12-17T20:17:06 IST" duration-ms="239" status="PASS">
          <reporter-output>
          </reporter-output>
        </test-method> <!-- reporterInitializer -->
        <test-method signature="getReport()[pri:0, instance:extentReports.ExtentReportsDemo@2a7f1f10]" started-at="2023-12-17T20:17:06 IST" name="getReport" finished-at="2023-12-17T20:17:11 IST" duration-ms="4897" status="PASS">
          <reporter-output>
          </reporter-output>
        </test-method> <!-- getReport -->
      </class> <!-- extentReports.ExtentReportsDemo -->
    </test> <!-- Default test -->
  </suite> <!-- Default suite -->
</testng-results>
